<?xml version="1.0" encoding="UTF-8"?>
<!-- Generated by org.testng.reporters.JUnitXMLReporter -->
<testsuite ignored="0" hostname="L-5CD13757TQ" failures="0" tests="5" name="HomePage" time="77.254" errors="0" timestamp="2024-10-19T12:00:06 IST">
  <testcase classname="entrata.website.test.homepage.EntrataHomeTest" name="A01_VerifyTitle" time="4.466"/>
  <testcase classname="entrata.website.test.homepage.EntrataHomeTest" name="A02_VerifySignInOption" time="22.141"/>
  <testcase classname="entrata.website.test.homepage.EntrataHomeTest" name="A03_VerifyFooterSection" time="9.138"/>
  <testcase classname="entrata.website.test.homepage.EntrataHomeTest" name="A04_VerifySeeHowItWorks" time="7.004"/>
  <testcase classname="entrata.website.test.homepage.EntrataHomeTest" name="A05_VerifyBasecamp" time="11.359"/>
</testsuite> <!-- HomePage -->
